[    0.000000] Initializing cgroup subsys cpuset
[    0.000000] Initializing cgroup subsys cpu
[    0.000000] Initializing cgroup subsys cpuacct
[    0.000000] Linux version 4.4.0-53-generic (buildd@lcy01-28) (gcc version 5.4.0 20160609 (Ubuntu 5.4.0-6ubuntu1~16.04.4) ) #74-Ubuntu SMP Fri Dec 2 15:59:10 UTC 2016 (Ubuntu 4.4.0-53.74-generic 4.4.30)
[    0.000000] Command line: BOOT_IMAGE=/boot/vmlinuz-4.4.0-53-generic root=LABEL=cloudimg-rootfs ro console=tty1 console=ttyS0
[    0.000000] KERNEL supported cpus:
[    0.000000]   Intel GenuineIntel
[    0.000000]   AMD AuthenticAMD
[    0.000000]   Centaur CentaurHauls
[    0.000000] x86/fpu: xstate_offset[2]:  576, xstate_sizes[2]:  256
[    0.000000] x86/fpu: Supporting XSAVE feature 0x01: 'x87 floating point registers'
[    0.000000] x86/fpu: Supporting XSAVE feature 0x02: 'SSE registers'
[    0.000000] x86/fpu: Supporting XSAVE feature 0x04: 'AVX registers'
[    0.000000] x86/fpu: Enabled xstate features 0x7, context size is 832 bytes, using 'standard' format.
[    0.000000] x86/fpu: Using 'lazy' FPU context switches.
[    0.000000] e820: BIOS-provided physical RAM map:
[    0.000000] BIOS-e820: [mem 0x0000000000000000-0x000000000009fbff] usable
[    0.000000] BIOS-e820: [mem 0x000000000009fc00-0x000000000009ffff] reserved
[    0.000000] BIOS-e820: [mem 0x00000000000f0000-0x00000000000fffff] reserved
[    0.000000] BIOS-e820: [mem 0x0000000000100000-0x000000003ffeffff] usable
[    0.000000] BIOS-e820: [mem 0x000000003fff0000-0x000000003fffffff] ACPI data
[    0.000000] BIOS-e820: [mem 0x00000000fec00000-0x00000000fec00fff] reserved
[    0.000000] BIOS-e820: [mem 0x00000000fee00000-0x00000000fee00fff] reserved
[    0.000000] BIOS-e820: [mem 0x00000000fffc0000-0x00000000ffffffff] reserved
[    0.000000] NX (Execute Disable) protection: active
[    0.000000] SMBIOS 2.5 present.
[    0.000000] Hypervisor detected: KVM
[    0.000000] e820: last_pfn = 0x3fff0 max_arch_pfn = 0x400000000
[    0.000000] MTRR: Disabled
[    0.000000] x86/PAT: MTRRs disabled, skipping PAT initialization too.
[    0.000000] x86/PAT: Configuration [0-7]: WB  WT  UC- UC  WB  WT  UC- UC  
[    0.000000] CPU MTRRs all blank - virtualized system.
[    0.000000] found SMP MP-table at [mem 0x0009fff0-0x0009ffff] mapped at [ffff88000009fff0]
[    0.000000] Scanning 1 areas for low memory corruption
[    0.000000] RAMDISK: [mem 0x36f78000-0x377b3fff]
[    0.000000] ACPI: Early table checksum verification disabled
[    0.000000] ACPI: RSDP 0x00000000000E0000 000024 (v02 VBOX  )
[    0.000000] ACPI: XSDT 0x000000003FFF0030 00003C (v01 VBOX   VBOXXSDT 00000001 ASL  00000061)
[    0.000000] ACPI: FACP 0x000000003FFF00F0 0000F4 (v04 VBOX   VBOXFACP 00000001 ASL  00000061)
[    0.000000] ACPI: DSDT 0x000000003FFF0470 00210F (v01 VBOX   VBOXBIOS 00000002 INTL 20100528)
[    0.000000] ACPI: FACS 0x000000003FFF0200 000040
[    0.000000] ACPI: FACS 0x000000003FFF0200 000040
[    0.000000] ACPI: APIC 0x000000003FFF0240 00005C (v02 VBOX   VBOXAPIC 00000001 ASL  00000061)
[    0.000000] ACPI: SSDT 0x000000003FFF02A0 0001CC (v01 VBOX   VBOXCPUT 00000002 INTL 20100528)
[    0.000000] No NUMA configuration found
[    0.000000] Faking a node at [mem 0x0000000000000000-0x000000003ffeffff]
[    0.000000] NODE_DATA(0) allocated [mem 0x3ffeb000-0x3ffeffff]
[    0.000000] kvm-clock: Using msrs 4b564d01 and 4b564d00
[    0.000000] kvm-clock: cpu 0, msr 0:3ffe7001, primary cpu clock
[    0.000000] kvm-clock: using sched offset of 3092582999 cycles
[    0.000000] clocksource: kvm-clock: mask: 0xffffffffffffffff max_cycles: 0x1cd42e4dffb, max_idle_ns: 881590591483 ns
[    0.000000] Zone ranges:
[    0.000000]   DMA      [mem 0x0000000000001000-0x0000000000ffffff]
[    0.000000]   DMA32    [mem 0x0000000001000000-0x000000003ffeffff]
[    0.000000]   Normal   empty
[    0.000000]   Device   empty
[    0.000000] Movable zone start for each node
[    0.000000] Early memory node ranges
[    0.000000]   node   0: [mem 0x0000000000001000-0x000000000009efff]
[    0.000000]   node   0: [mem 0x0000000000100000-0x000000003ffeffff]
[    0.000000] Initmem setup node 0 [mem 0x0000000000001000-0x000000003ffeffff]
[    0.000000] ACPI: PM-Timer IO Port: 0x4008
[    0.000000] IOAPIC[0]: apic_id 2, version 32, address 0xfec00000, GSI 0-23
[    0.000000] ACPI: INT_SRC_OVR (bus 0 bus_irq 0 global_irq 2 dfl dfl)
[    0.000000] ACPI: INT_SRC_OVR (bus 0 bus_irq 9 global_irq 9 high level)
[    0.000000] Using ACPI (MADT) for SMP configuration information
[    0.000000] smpboot: Allowing 2 CPUs, 0 hotplug CPUs
[    0.000000] PM: Registered nosave memory: [mem 0x00000000-0x00000fff]
[    0.000000] PM: Registered nosave memory: [mem 0x0009f000-0x0009ffff]
[    0.000000] PM: Registered nosave memory: [mem 0x000a0000-0x000effff]
[    0.000000] PM: Registered nosave memory: [mem 0x000f0000-0x000fffff]
[    0.000000] e820: [mem 0x40000000-0xfebfffff] available for PCI devices
[    0.000000] Booting paravirtualized kernel on KVM
[    0.000000] clocksource: refined-jiffies: mask: 0xffffffff max_cycles: 0xffffffff, max_idle_ns: 7645519600211568 ns
[    0.000000] setup_percpu: NR_CPUS:256 nr_cpumask_bits:256 nr_cpu_ids:2 nr_node_ids:1
[    0.000000] PERCPU: Embedded 33 pages/cpu @ffff88003fc00000 s98008 r8192 d28968 u1048576
[    0.000000] PV qspinlock hash table entries: 256 (order: 0, 4096 bytes)
[    0.000000] Built 1 zonelists in Node order, mobility grouping on.  Total pages: 257913
[    0.000000] Policy zone: DMA32
[    0.000000] Kernel command line: BOOT_IMAGE=/boot/vmlinuz-4.4.0-53-generic root=LABEL=cloudimg-rootfs ro console=tty1 console=ttyS0
[    0.000000] PID hash table entries: 4096 (order: 3, 32768 bytes)
[    0.000000] Memory: 1004200K/1048120K available (8427K kernel code, 1285K rwdata, 3956K rodata, 1480K init, 1292K bss, 43920K reserved, 0K cma-reserved)
[    0.000000] SLUB: HWalign=64, Order=0-3, MinObjects=0, CPUs=2, Nodes=1
[    0.000000] Hierarchical RCU implementation.
[    0.000000] 	Build-time adjustment of leaf fanout to 64.
[    0.000000] 	RCU restricting CPUs from NR_CPUS=256 to nr_cpu_ids=2.
[    0.000000] RCU: Adjusting geometry for rcu_fanout_leaf=64, nr_cpu_ids=2
[    0.000000] NR_IRQS:16640 nr_irqs:440 16
[    0.000000] Console: colour VGA+ 80x25
[    0.000000] console [tty1] enabled
[    0.000000] console [ttyS0] enabled
[    0.000000] tsc: Detected 2693.894 MHz processor
[    2.762472] Calibrating delay loop (skipped) preset value.. 5387.78 BogoMIPS (lpj=10775576)
[    2.764119] pid_max: default: 32768 minimum: 301
[    2.765007] ACPI: Core revision 20150930
[    2.766769] ACPI: 2 ACPI AML tables successfully acquired and loaded
[    2.768043] Security Framework initialized
[    2.768852] Yama: becoming mindful.
[    2.769614] AppArmor: AppArmor initialized
[    2.770502] Dentry cache hash table entries: 131072 (order: 8, 1048576 bytes)
[    2.771897] Inode-cache hash table entries: 65536 (order: 7, 524288 bytes)
[    2.773812] Mount-cache hash table entries: 2048 (order: 2, 16384 bytes)
[    2.778148] Mountpoint-cache hash table entries: 2048 (order: 2, 16384 bytes)
[    2.779525] Initializing cgroup subsys io
[    2.780338] Initializing cgroup subsys memory
[    2.781213] Initializing cgroup subsys devices
[    2.782076] Initializing cgroup subsys freezer
[    2.782973] Initializing cgroup subsys net_cls
[    2.783837] Initializing cgroup subsys perf_event
[    2.784728] Initializing cgroup subsys net_prio
[    2.785607] Initializing cgroup subsys hugetlb
[    2.786531] Initializing cgroup subsys pids
[    2.787430] CPU: Physical Processor ID: 0
[    2.803724] CPU: Processor Core ID: 0
[    2.841109] mce: CPU supports 0 MCE banks
[    2.886237] Last level iTLB entries: 4KB 512, 2MB 8, 4MB 8
[    2.933768] Last level dTLB entries: 4KB 512, 2MB 32, 4MB 32, 1GB 0
[    2.937212] Freeing SMP alternatives memory: 32K (ffffffff820b5000 - ffffffff820bd000)
[    2.995800] ftrace: allocating 32053 entries in 126 pages
[    3.041024] smpboot: Max logical packages: 1
[    3.074701] smpboot: APIC(0) Converting physical 0 to logical package 0
[    3.117568] x2apic enabled
[    3.133540] Switched APIC routing to physical x2apic.
[    3.176180] ..TIMER: vector=0x30 apic1=0 pin1=2 apic2=-1 pin2=-1
[    3.282382] smpboot: CPU0: Intel(R) Core(TM) i7-2620M CPU @ 2.70GHz (family: 0x6, model: 0x2a, stepping: 0x7)
[    3.337678] Performance Events: unsupported p6 CPU model 42 no PMU driver, software events only.
[    3.339975] KVM setup paravirtual spinlock
[    3.341686] x86: Booting SMP configuration:
[    3.342775] .... node  #0, CPUs:      #1
[    3.343919] kvm-clock: cpu 1, msr 0:3ffe7041, secondary cpu clock
[    3.351067] mce: CPU supports 0 MCE banks
[    3.353779] x86: Booted up 1 node, 2 CPUs
[    3.356567] smpboot: Total of 2 processors activated (10775.57 BogoMIPS)
[    3.358944] devtmpfs: initialized
[    3.389151] evm: security.selinux
[    3.429671] evm: security.SMACK64
[    3.463743] evm: security.SMACK64EXEC
[    3.530146] evm: security.SMACK64TRANSMUTE
[    3.577935] evm: security.SMACK64MMAP
[    3.638766] evm: security.ima
[    3.695697] evm: security.capability
[    3.747168] clocksource: jiffies: mask: 0xffffffff max_cycles: 0xffffffff, max_idle_ns: 7645041785100000 ns
[    3.755470] pinctrl core: initialized pinctrl subsystem
[    3.756581] RTC time: 14:15:22, date: 01/05/17
[    3.758262] NET: Registered protocol family 16
[    3.778086] cpuidle: using governor ladder
[    3.838049] cpuidle: using governor menu
[    3.838862] PCCT header not found.
[    3.839661] ACPI: bus type PCI registered
[    3.841960] acpiphp: ACPI Hot Plug PCI Controller Driver version: 0.5
[    3.843198] PCI: Using configuration type 1 for base access
[    3.859508] ACPI: Added _OSI(Module Device)
[  3.906573] ACPI: Added _OSI(Processor Device)
[    4.021832] ACPI: Added _OSI(3.0 _SCP Extensions)
[    4.072518] ACPI: Added _OSI(Processor Aggregator Device)
[    4.124963] ACPI: Executed 1 blocks of module-level executable AML code
[    4.233734] ACPI: Interpreter enabled
[    4.296268] ACPI: (supports S0 S5)
[    4.357146] ACPI: Using IOAPIC for interrupt routing
[    4.376735] PCI: Using host bridge windows from ACPI; if necessary, use "pci=nocrs" and report a bug
[    4.384496] ACPI: PCI Root Bridge [PCI0] (domain 0000 [bus 00-ff])
[    4.448700] acpi PNP0A03:00: _OSC: OS supports [ASPM ClockPM Segments MSI]
[    4.449897] acpi PNP0A03:00: _OSC failed (AE_NOT_FOUND); disabling ASPM
[    4.451090] acpi PNP0A03:00: fail to add MMCONFIG information, can't access extended PCI configuration space under this bridge.
[    4.453440] PCI host bridge to bus 0000:00
[    4.454280] pci_bus 0000:00: root bus resource [io  0x0000-0x0cf7 window]
[    4.460356] pci_bus 0000:00: root bus resource [io  0x0d00-0xffff window]
[    4.461728] pci_bus 0000:00: root bus resource [mem 0x000a0000-0x000bffff window]
[    4.463216] pci_bus 0000:00: root bus resource [mem 0x40000000-0xffdfffff window]
[    4.464666] pci_bus 0000:00: root bus resource [bus 00-ff]
[    4.467420] pci 0000:00:01.1: legacy IDE quirk: reg 0x10: [io  0x01f0-0x01f7]
[    4.468640] pci 0000:00:01.1: legacy IDE quirk: reg 0x14: [io  0x03f6]
[    4.469784] pci 0000:00:01.1: legacy IDE quirk: reg 0x18: [io  0x0170-0x0177]
[    4.470998] pci 0000:00:01.1: legacy IDE quirk: reg 0x1c: [io  0x0376]
[    4.490189] pci 0000:00:07.0: quirk: [io  0x4000-0x403f] claimed by PIIX4 ACPI
[    4.540834] pci 0000:00:07.0: quirk: [io  0x4100-0x410f] claimed by PIIX4 SMB
[    4.547753] ACPI: PCI Interrupt Link [LNKA] (IRQs 5 9 10 *11)
[    4.561468] ACPI: PCI Interrupt Link [LNKB] (IRQs 5 9 10 *11)
[    4.572400] ACPI: PCI Interrupt Link [LNKC] (IRQs 5 9 *10 11)
[    4.573930] ACPI: PCI Interrupt Link [LNKD] (IRQs 5 *9 10 11)
[    4.575512] ACPI: Enabled 2 GPEs in block 00 to 07
[    4.576763] vgaarb: setting as boot device: PCI:0000:00:02.0
[    4.577803] vgaarb: device added: PCI:0000:00:02.0,decodes=io+mem,owns=io+mem,locks=none
[    4.579387] vgaarb: loaded
[    4.580005] vgaarb: bridge control possible 0000:00:02.0
[    4.581174] SCSI subsystem initialized
[    4.582047] ACPI: bus type USB registered
[    4.582877] usbcore: registered new interface driver usbfs
[    4.583880] usbcore: registered new interface driver hub
[    4.586816] usbcore: registered new device driver usb
[    4.611448] PCI: Using ACPI for IRQ routing
[    4.699696] NetLabel: Initializing
[    4.750110] NetLabel:  domain hash size = 128
[    4.816153] NetLabel:  protocols = UNLABELED CIPSOv4
[    4.895732] NetLabel:  unlabeled traffic allowed by default
[    4.932583] amd_nb: Cannot enumerate AMD northbridges
[    4.942435] clocksource: Switched to clocksource kvm-clock
[    4.950681] AppArmor: AppArmor Filesystem Enabled
[    5.070151] pnp: PnP ACPI init
[    5.157682] pnp: PnP ACPI: found 3 devices
   5.284667] clocksource: acpi_pm: mask: 0xffffff max_cycles: 0xffffff, max_idle_ns: 2085701024 ns
[    5.413275] NET: Registered protocol family 2
[    5.414308] TCP established hash table entries: 8192 (order: 4, 65536 bytes)
[    5.417650] TCP bind hash table entries: 8192 (order: 5, 131072 bytes)
[    5.419155] TCP: Hash tables configured (established 8192 bind 8192)
[    5.420609] UDP hash table entries: 512 (order: 2, 16384 bytes)
[    5.421998] UDP-Lite hash table entries: 512 (order: 2, 16384 bytes)
[    5.423507] NET: Registered protocol family 1
[    5.424546] pci 0000:00:00.0: Limiting direct PCI/PCI transfers
[    5.425955] pci 0000:00:01.0: Activating ISA DMA hang workarounds
[    5.428245] Trying to unpack rootfs image as initramfs...
[    6.759209] Freeing initrd memory: 8432K (ffff880036f78000 - ffff8800377b4000)
[    6.852601] RAPL PMU detected, API unit is 2^-32 Joules, 3 fixed counters 10737418240 ms ovfl timer
[    6.941955] hw unit of domain pp0-core 2^-0 Joules
[    6.986861] hw unit of domain package 2^-0 Joules
[    7.026969] hw unit of domain pp1-gpu 2^-0 Joules
[    7.103456] platform rtc_cmos: registered platform RTC device (no PNP device found)
[    7.104992] Scanning for low memory corruption every 60 seconds
[    7.106404] futex hash table entries: 512 (order: 3, 32768 bytes)
[    7.152655] audit: initializing netlink subsys (disabled)
[    7.194667] audit: type=2000 audit(1483625726.125:1): initialized
[    7.203386] Initialise system trusted keyring
[    7.204369] HugeTLB registered 2 MB page size, pre-allocated 0 pages
[    7.206806] zbud: loaded
[    7.207608] VFS: Disk quotas dquot_6.6.0
[    7.208434] VFS: Dquot-cache hash table entries: 512 (order 0, 4096 bytes)
[    7.209867] squashfs: version 4.0 (2009/01/31) Phillip Lougher
[    7.211177] fuse init (API version 7.23)
[    7.212076] Key type big_key registered
[    7.212874] Allocating IMA MOK and blacklist keyrings.
[    7.215184] Key type asymmetric registered
[    7.216003] Asymmetric key parser 'x509' registered
[    7.216951] Block layer SCSI generic (bsg) driver version 0.4 loaded (major 249)
[    7.218461] io scheduler noop registered
[    7.219261] io scheduler deadline registered (default)
[    7.220248] io scheduler cfq registered
[    7.221122] pci_hotplug: PCI Hot Plug PCI Core version: 0.5
[    7.222147] pciehp: PCI Express Hot Plug Controller Driver version: 0.4
[    7.223481] ACPI: AC Adapter [AC] (on-line)
[    7.224359] input: Power Button as /devices/LNXSYSTM:00/LNXPWRBN:00/input/input0
[    7.225816] ACPI: Power Button [PWRF]
[    7.226674] input: Sleep Button as /devices/LNXSYSTM:00/LNXSLPBN:00/input/input1
[    7.228139] ACPI: Sleep Button [SLPF]
[    7.229619] ACPI: Battery Slot [BAT0] (battery present)
[    7.230623] GHES: HEST is not enabled!
[    7.231516] Serial: 8250/16550 driver, 32 ports, IRQ sharing enabled
[    7.255020] 00:02: ttyS0 at I/O 0x3f8 (irq = 4, base_baud = 115200) is a 16550A
[    7.292178] Linux agpgart interface v0.103
[    7.297085] brd: module loaded
[    7.322441] loop: module loaded
[    7.326494] scsi host0: ata_piix
[    7.343132] scsi host1: ata_piix
[    7.391840] ata1: PATA max UDMA/33 cmd 0x1f0 ctl 0x3f6 bmdma 0xd000 irq 14
[    7.418926] ata2: PATA max UDMA/33 cmd 0x170 ctl 0x376 bmdma 0xd008 irq 15
[    7.420202] libphy: Fixed MDIO Bus: probed
[    7.427025] tun: Universal TUN/TAP device driver, 1.6
[    7.427980] tun: (C) 1999-2004 Max Krasnyansky <maxk@qualcomm.com>
[    7.452078] PPP generic driver version 2.4.2
[    7.490098] ehci_hcd: USB 2.0 'Enhanced' Host Controller (EHCI) Driver
[    7.524250] ehci-pci: EHCI PCI platform driver
[    7.525125] ehci-platform: EHCI generic platform driver
[    7.526107] ohci_hcd: USB 1.1 'Open' Host Controller (OHCI) Driver
[    7.527260] ohci-pci: OHCI PCI platform driver
[    7.528128] ohci-platform: OHCI generic platform driver
[    7.529123] uhci_hcd: USB Universal Host Controller Interface driver
[    7.533426] i8042: PNP: PS/2 Controller [PNP0303:PS2K,PNP0f03:PS2M] at 0x60,0x64 irq 1,12
[    7.535954] serio: i8042 KBD port at 0x60,0x64 irq 1
[    7.537115] serio: i8042 AUX port at 0x60,0x64 irq 12
[    7.538406] mousedev: PS/2 mouse device common for all mice
[    7.540319] input: AT Translated Set 2 keyboard as /devices/platform/i8042/serio0/input/input2
[    7.542479] rtc_cmos rtc_cmos: rtc core: registered rtc_cmos as rtc0
[    7.555819] rtc_cmos rtc_cmos: alarms up to one day, 114 bytes nvram
[    7.559884] i2c /dev entries driver
[    7.560870] device-mapper: uevent: version 1.0.3
[    7.562061] device-mapper: ioctl: 4.34.0-ioctl (2015-10-28) initialised: dm-devel@redhat.com
[    7.566039] ledtrig-cpu: registered to indicate activity on CPUs
[    7.567885] NET: Registered protocol family 10
[    7.586187] NET: Registered protocol family 17
[    7.588954] Key type dns_resolver registered
[    7.657169] microcode: CPU0 sig=0x206a7, pf=0x10, revision=0x0
[    7.668460] microcode: CPU1 sig=0x206a7, pf=0x10, revision=0x0
[    7.669549] microcode: Microcode Update Driver: v2.01 <tigran@aivazian.fsnet.co.uk>, Peter Oruba
[    7.671375] registered taskstats version 1
[    7.672211] Loading compiled-in X.509 certificates
[    7.673843] Loaded X.509 cert 'Build time autogenerated kernel key: e9dbd2fef92418dc580496786c7b3d419aa7d17d'
[    7.675718] zswap: loaded using pool lzo/zbud
[    7.678131] Key type trusted registered
[    7.737415] Key type encrypted registered
[    7.738300] AppArmor: AppArmor sha1 policy hashing enabled
[    7.739365] ima: No TPM chip found, activating TPM-bypass!
[    7.741952] evm: HMAC attrs: 0x1
[    7.742974]   Magic number: 1:547:282
[    7.791220]   hash matches /build/linux-usfZoe/linux-4.4.0/drivers/base/power/main.c:740
[    7.859450] tty tty19: hash matches
[    7.860249] rtc_cmos rtc_cmos: setting system clock to 2017-01-05 14:15:26 UTC (1483625726)
[    7.861977] BIOS EDD facility v0.16 2004-Jun-25, 0 devices found
[    7.863109] EDD information not available.
[    7.865332] Freeing unused kernel memory: 1480K (ffffffff81f43000 - ffffffff820b5000)
[    7.870447] Write protecting the kernel read-only data: 14336k
[    7.871989] Freeing unused kernel memory: 1800K (ffff88000183e000 - ffff880001a00000)
[    7.875644] Freeing unused kernel memory: 140K (ffff880001ddd000 - ffff880001e00000)
Loading, please [    7.887183] random: systemd-udevd: uninitialized urandom read (16 bytes read, 2 bits of entropy available)
wait...
startin[    7.891551] random: udevadm: uninitialized urandom read (16 bytes read, 2 bits of entropy available)
g version 229
[    7.891593] random: udevadm: uninitialized urandom read (16 bytes read, 2 bits of entropy available)
[    7.891743] random: udevadm: uninitialized urandom read (16 bytes read, 2 bits of entropy available)
[    7.891798] random: udevadm: uninitialized urandom read (16 bytes read, 2 bits of entropy available)
[    7.891854] random: udevadm: uninitialized urandom read (16 bytes read, 2 bits of entropy available)
[    7.891910] random: udevadm: uninitialized urandom read (16 bytes read, 2 bits of entropy available)
[    7.891967] random: udevadm: uninitialized urandom read (16 bytes read, 2 bits of entropy available)
[    7.892019] random: udevadm: uninitialized urandom read (16 bytes read, 2 bits of entropy available)
[    7.892071] random: udevadm: uninitialized urandom read (16 bytes read, 2 bits of entropy available)
[    8.257404] tsc: Refined TSC clocksource calibration: 2693.055 MHz
[    8.258852] clocksource: tsc: mask: 0xffffffffffffffff max_cycles: 0x26d19df8e2d, max_idle_ns: 440795328181 ns
[    8.266368] Fusion MPT base driver 3.04.20
[    8.273736] Copyright (c) 1999-2008 LSI Corporation
[    8.279474] Fusion MPT SPI Host driver 3.04.20
[    8.293944] mptbase: ioc0: Initiating bringup
[    8.303070] e1000: Intel(R) PRO/1000 Network Driver - version 7.3.21-k8-NAPI
[    8.322381] e1000: Copyright (c) 1999-2006 Intel Corporation.
[    8.332163] AVX version of gcm_enc/dec engaged.
[    8.362209] AES CTR mode by8 optimization enabled
[    8.402897] ioc0: LSI53C1030 A0: Capabilities={Initiator}
[    8.534937] input: ImExPS/2 Generic Explorer Mouse as /devices/platform/i8042/serio1/input/input4
[    8.628501] scsi host2: ioc0: LSI53C1030 A0, FwRev=00000000h, Ports=1, MaxQ=256, IRQ=20
[    8.744268] scsi 2:0:0:0: Direct-Access     VBOX     HARDDISK         1.0  PQ: 0 ANSI: 5
[    8.885988] scsi target2:0:0: Beginning Domain Validation
[    8.923612] scsi target2:0:0: Domain Validation skipping write tests
[    8.925046] scsi target2:0:0: Ending Domain Validation
[    8.926309] scsi target2:0:0: asynchronous
[    8.932789] scsi 2:0:1:0: Direct-Access     VBOX     HARDDISK         1.0  PQ: 0 ANSI: 5
[    8.935873] scsi target2:0:1: Beginning Domain Validation
[    8.938217] scsi target2:0:1: Domain Validation skipping write tests
[    8.939707] scsi target2:0:1: Ending Domain Validation
[    8.940963] scsi target2:0:1: asynchronous
[    9.033902] sd 2:0:0:0: Attached scsi generic sg0 type 0
[    9.042651] sd 2:0:0:0: [sda] 20971520 512-byte logical blocks: (10.7 GB/10.0 GiB)
[    9.047542] sd 2:0:0:0: [sda] Write Protect is off
[    9.052396] sd 2:0:0:0: [sda] Incomplete mode parameter data
[    9.052397] sd 2:0:0:0: [sda] Assuming drive cache: write through
[    9.075904] sd 2:0:1:0: Attached scsi generic sg1 type 0
[    9.077435] sd 2:0:1:0: [sdb] 20480 512-byte logical blocks: (10.5 MB/10.0 MiB)
[    9.079660] sd 2:0:1:0: [sdb] Write Protect is off
[    9.082140] sd 2:0:1:0: [sdb] Incomplete mode parameter data
[    9.083511] sd 2:0:1:0: [sdb] Assuming drive cache: write through
[    9.144054]  sda: sda1
[    9.160874] sd 2:0:0:0: [sda] Attached SCSI disk
[    9.167412] sd 2:0:1:0: [sdb] Attached SCSI disk
[    9.262749] e1000 0000:00:03.0 eth0: (PCI:33MHz:32-bit) 02:b9:02:b6:c2:8f
[    9.345394] e1000 0000:00:03.0 eth0: Intel(R) PRO/1000 Network Connection
[    9.411800] e1000 0000:00:03.0 enp0s3: renamed from eth0
[   11.386846] floppy0: no floppy controllers found
Begin: Loading e[   12.796268] md: linear personality registered for level -1
ssential drivers ... [   12.803243] md: multipath personality registered for level -4
[   12.819542] md: raid0 personality registered for level 0
[   12.827362] md: raid1 personality registered for level 1
[   12.902703] raid6: sse2x1   gen()  6732 MB/s
[   12.982713] raid6: sse2x1   xor()  6173 MB/s
[   13.058455] raid6: sse2x2   gen() 10793 MB/s
[   13.158450] raid6: sse2x2   xor()  7486 MB/s
[   13.230798] raid6: sse2x4   gen() 12162 MB/s
[   13.330902] raid6: sse2x4   xor()  9171 MB/s
[   13.402014] raid6: using algorithm sse2x4 gen() 12162 MB/s
[   13.544966] raid6: .... xor() 9171 MB/s, rmw enabled
[   13.598807] raid6: using ssse3x2 recovery algorithm
[   13.663920] xor: automatically using best checksumming function:
[   13.810817]    avx       : 18110.000 MB/sec
[   13.817640] async_tx: api initialized (async)
[   13.910972] md: raid6 personality registered for level 6
[   13.936207] md: raid5 personality registered for level 5
[   13.937562] md: raid4 personality registered for level 4
[   13.944447] md: raid10 personality registered for level 10
done.
Begin: Running /scripts/init-premount ... done.
Begin: Mounting root file system ... Begin: Running /scripts/local-top ... done.
Begin: Running /scripts/local-premount ... [   13.992579] Btrfs loaded
Scanning for Btrfs filesystems
done.
Warning: fsck not present, so sk[   14.158188] EXT4-fs (sda1): mounted filesystem with ordered data mode. Opts: (null)
ipping root file system
done.
Begin: Running /scripts/local-bottom ... done.
Begin: Running /scripts/init-bottom ... Warning: overlayroot: debug is busted
done.
[   14.327870] systemd[1]: systemd 229 running in system mode. (+PAM +AUDIT +SELINUX +IMA +APPARMOR +SMACK +SYSVINIT +UTMP +LIBCRYPTSETUP +GCRYPT +GNUTLS +ACL +XZ -LZ4 +SECCOMP +BLKID +ELFUTILS +KMOD -IDN)
[   14.336353] systemd[1]: Detected virtualization oracle.
[   14.337574] systemd[1]: Detected architecture x86-64.

Welcome to [1mUbuntu 16.04.1 LTS[0m!

[   14.367398] systemd[1]: Set hostname to <ubuntu-xenial>.
[   14.553330] systemd[1]: Reached target User and Group Name Lookups.
[[0;32m  OK  [0m] Reached target User and Group Name Lookups.
[   14.687371] systemd[1]: Listening on LVM2 poll daemon soet.
[[0;32m  OK  [0m] Listening on LVM2 poll daemon socket.
[   14.934309] systemd[1]: Listening on /dev/initctl Compatibility Named Pipe.
[[0;32m  OK  [0m] Listening on /dev/initctl Compatibility Named Pipe.
[   14.971196] systemd[1]: Listening on Journal Socket.
[[0;32m  OK  [0m] Listening on Journal Socket.
[   14.981019] systemd[1]: Reached target Swap.
[[0;32m  OK  [0m] Reached target Swap.
[   14.998838] systemd[1]: Listening on Journal Socket (/dev/log).
[[0;32m  OK  [0m] Listening on Journal Socket (/dev/log).
[   15.004785] systemd[1]: Created slice User and Session Slice.
[[0;32m  OK  [0m] Created slice User and Session Slice.
[   15.007832] systemd[1]: Listening on udev Kernel Socket.
[[0;32m  OK  [0m] Listening on udev Kernel Socket.
[   15.031151] systemd[1]: Reached target Encrypted Volumes.
[[0;32m  OK  [0m] Reached target Encrypted Volumes.
[   15.123582] systemd[1]: Listening on Device-mapper event daemon FIFOs.
[[0;32m  OK  [0m] Listening on Device-mapper event daemon FIFOs.
[   15.232849] systemd[1]: Listening on LVM2 metadata daemon socket.
[[0;32m  OK  [0m] Listening on LVM2 metadata daemon socket.
[   15.251612] systemd[1]: Listening on udev Control Socket.
[[0;32m  OK  [0m] Listening on udev Control Socket.
[   15.295739] systemd[1]: Set up automount Arbitrary Executable File Formats File System Automount Point.
[[0;32m  OK  [0m] Set up automount Arbitrary Executab...ats File System Automount Point.
[   15.299459] systemd[1]: Created slice System Slice.
[[0;32m  OK  [0m] Created slice System Slice.
[   15.314858] systemd[1]: Mounting Huge Pages File System...
         Mounting Huge Pages File System...
[   15.454697] systemd[1]: Starting Create list of required static device nodes for the current kernel...
         Starting Create list of required st... nodes for the current kernel...
[   15.498890] systemd[1]: Mounting Debug File System...
         Mounting Debug File System...
[   15.508819] systemd[1]: Starting Monitoring of LVM2 mirrors, snapshots etc. using dmeventd or progress polling...
         Starting Monitoring of LVM2 mirrors... dmeventd or progress polling...
[   15.528998] systemd[1]: Starting Uncomplicated firewall...
         Starting Uncomplicated firewall...
[   15.570685] systemd[1]: Starting Remount Root and Kernel File Systems...
         Starting Remount[   15.589829] EXT4-fs (sda1): re-mounted. Opts: (null)
 Root and Kernel File Systems...
[   15.616641] systemd[1]: Starting Nameserver information manager...
         Starting Nameserver information manager...
[   15.642227] systemd[1]: Created slice system-serial\x2dgetty.slice.
[[0;32m  OK  [0m] Created slice system-serial\x2dgetty.slice.
[   15.654686] systemd[1]: Starting Set console keymap...
         Starting Set console keymap...
[   15.681790] systemd[1]: Reached target Slices.
[[0;32m  OK  [0m] Reached target Slices.
[   15.693715] systemd[1]: Starting Load Kernel Modules...
         Starting Load Kernel Modules...
[   15.715074] systemd[1]: Mounting POSIX Message Queue File System...
         Mounting POSIX Message Queue Fil[   15.737649] Loading iSCSI transport class v2.0-870.
e System...
[   15.739039] systemd[1]: Listening on Syslog Socket.
[[0;32m  OK  [0m] Listening on Syslog Socket.
[   15.742336] systemd[1]: Listening on Journal Audit Socket.
[[0;32m  OK  [0m] Listening on Journal Audit Socket.
[   15.746671] systemd[1]: Starting Journal Service...
         [   15.757915] iscsi: registered transport (tcp)
Starting Journal Service...
[   15.767744] systemd[1]: Started Forward Password Requests to Wall Directory Watch.
[[0;32m  OK  [0m] Started Forward Password Requests to Wall Directory Watch.
[   15.804893] systemd[1]: Mounted Huge Pages File System.
[[0;32m  OK  [0m] Mounted Huge Pages File System.
[   15.823029] systemd[1]: Mounted Debug File System.
[   15.837497] iscsi: registered transport (iser)
[[0;32m  OK  [0m] Mounted Debug File System.
[   15.849109] systemd[1]: Mounted POSIX Message Queue File System.
[[0;32m  OK  [0m] Mounted POSIX Message Queue File System.
[   15.870903] systemd[1]: Started Journal Service.
[[0;32m  OK  [0m] Started Journal Service.
[[0;32m  OK  [0m] Started Create list of required sta...ce nodes for the current kernel.
[[0;32m  OK  [0m] Started Uncomplicated firewall.
[[0;32m  OK  [0m] Started Remount Root and Kernel File Systems.
[[0;32m  OK  [0m] Started Set console keymap.
[[0;32m  OK  [0m] Started Load Kernel Modules.
[[0;32m  OK  [0m] Started Nameserver information manager.
[[0;32m  OK  [0m] Started LVM2 metadata daemon.
         Mounting FUSE Control File System...
         Startin[   16.069194] random: nonblocking pool is initialized
g Apply Kernel Variables...
         Starting Initial cloud-init job (pre-networking)...
         Starting Load/Save Random Seed...
         Starting udev Coldplug all Devices...
         Starting Create Static Device Nodes in /dev...
         Starting Flush Journal to Persistent Storage...
[[0;32m  OK  [0m] Mounted FUSE Control File System.
[[0;32m  OK  [0m] Started Apply Kernel Variables.
[[0;32m  OK  [0m] Started Load/Save Random Seed.
[[0;32m  OK  [0m] Started Create Static Device Nodes in /dev.
[[0;32m  OK  [0m] Started udev Coldplug all Devices.
[[0;32m  OK  [0m] Started Flush Journal to Persistent Storage.
         Starting udev Kernel Device Manager...
[[0;32m  OK  [0m] Started udev Kernel Device Manager.
[[0;32m  OK  [0m] Started Dispatch Password Requests to Console Directory Watch.
[[0;32m  OK  [0m] Found device /dev/ttyS0.
[[0;32m  OK  [0m] Started Monitoring of LVM2 mirrors,...ng dmeventd or progress polling.
[[0;32m  OK  [0m] Reached target Local File Systems (Pre).
[[0;32m  OK  [0m] Reached target Local File Systems.
         Starting Run snappy firstboot setup...
         Starting Create Volatile Files and Directories...
         Starting Tell Plymouth To Write Out Runtime Data...
         Starting Set console font and keymap...
         Starting LSB: AppArmor initialization...
[[0;32m  OK  [0m] Started Tell Plymouth To Write Out Runtime Data.
[[0;32m  OK  [0m] Started Create Volatile Files and Directories.
[[0;32m  OK  [0m] Started Run snappy firstboot setup.
         Starting Update UTMP about System Boot/Shutdown...
[[0;32m  OK  [0m] Reached target System Time Synchronized.
[[0;32m  OK  [0m] Started LSB: AppArmor initialization.
[[0;32m  OK  [0m] Listening on Load/Save RF Kill Switch Status /dev/rfkill Watch.
[[0;32m  OK  [0m] Started Update UTMP about System Boot/Shutdown.
[   12.938485] cloud-init[473]: Cloud-init v. 0.7.8 running 'init-local' at Thu, 05 Jan 2017 14:15:35 +0000. Up 12.48 seconds.
[[0;32m  OK  [0m] Started Initial cloud-init job (pre-networking).
[[0;32m  OK  [0m] Reached target Network (Pre).
[[0;32m  OK  [0m] Started ifup for enp0s3.
         Starting Raise network interfaces...
[[0;32m  OK  [0m] Started Set console font and keymap.
[[0;32m  OK  [0m] Found device 82540EM Gigabit Ethern...r (PRO/1000 MT Desktop Adapter).
[[0;32m  OK  [0m] Created slice system-getty.slice.
[[0;32m  OK  [0m] Started Raise network interfaces.
[[0;32m  OK  [0m] Reached target Network.
         Starting Initial cloud-init job (metadata service crawler)...
[   15.918460] cloud-init[978]: Cloud-init v. 0.7.8 running 'init' at Thu, 05 Jan 2017 14:15:38 +0000. Up 15.55 seconds.
[   15.935873] cloud-init[978]: ci-info: +++++++++++++++++++++++++++++++++++++Net device info+++++++++++++++++++++++++++++++++++++
[   15.940359] cloud-init[978]: ci-info: +--------+------+---------------------------+---------------+-------+-------------------+
[   15.946212] cloud-init[978]: ci-info: | Device |  Up  |          Address          |      Mask     | Scope |     Hw-Address    |
[   15.950201] cloud-init[978]: ci-info: +--------+------+---------------------------+---------------+-------+-------------------+
[   15.954080] cloud-init[978]: ci-info: | enp0s3 | True |         10.0.2.15         | 255.255.255.0 |   .   | 02:b9:02:b6:c2:8f |
[   15.976351] cloud-init[978]: ci-info: | enp0s3 | True | fe80::b9:2ff:feb6:c28f/64 |       .       |  link | 02:b9:02:b6:c2:8f |
[   15.981195] cloud-init[978]: ci-info: |   lo   | True |         127.0.0.1         |   255.0.0.0   |   .   |         .         |
[[0;32m  OK  [0m] Started Initial cloud-init job (metadata service crawler).
[   15.992260] cloud-init[978]: ci-info: |   lo   | True |          ::1/128          |       .       |  host |         .         |
[   15.992637] cloud-init[978]: ci-info: +--------+------+---------------------------+---------------+-------+-------------------+
[   15.992745] cloud-init[978]: ci-info: +++++++++++++++++++++++++++Route IPv4 info++++++++++++++++++++++++++++
[   15.993049] cloud-init[978]: ci-info: +-------+-------------+----------+---------------+-----------+-------+
[   15.993134] cloud-init[978]: ci-info: | Route | Destination | Gateway  |    Genmask    | Interface | Flags |
[   15.993210] cloud-init[978]: ci-info: +-------+-------------+----------+---------------+-----------+-------+
[   15.993293] cloud-init[978]: ci-info: |   0   |   0.0.0.0   | 10.0.2.2 |    0.0.0.0    |   enp0s3  |   UG  |
[   15.993365] cloud-init[978]: ci-info: |   1   |   10.0.2.0  | 0.0.0.0  | 255.255.255.0 |   enp0s3  |   U   |
[   15.993438] cloud-init[978]: ci-info: +-------+-------------+----------+---------------+-----------+-------+
[[0;32m  OK  [0m] Reached target Network is Online.
         Starting iSCSI initiator daemon (iscsid)...
[[0;32m  OK  [0m] Reached target Cloud-config availability.
[[0;32m  OK  [0m] Reached target System Initialization.
[[0;32m  OK  [0m] Listening on ACPID Listen Socket.
[[0;32m  OK  [0m] Started Daily Cleanup of Temporary Directories.
         Starting Socket activation for snappy daemon.
[[0;32m  OK  [0m] Started Timer to automatically refresh installed snaps.
[[0;32m  OK  [0m] Started Daily apt activities.
[[0;32m  OK  [0m] Reached target Timers.
[[0;32m  OK  [0m] Started ACPI Events Check.
[[0;32m  OK  [0m] Started Trigger resolvconf update for networkd DNS.
[[0;32m  OK  [0m] Reached target Paths.
         Starting LXD - unix socket.
[[0;32m  OK  [0m] Listening on UUID daemon activation socket.
[[0;32m  OK  [0m] Listening on D-Bus System Message Bus Socket.
[[0;32m  OK  [0m] Listening on Socket activation for snappy daemon.
[[0;32m  OK  [0m] Listening on LXD - unix socket.
[[0;32m  OK  [0m] Started iSCSI initiator daemon (iscsid).
         Starting Login to default iSCSI targets...
[[0;32m  OK  [0m] Reached target Sockets.
[[0;32m  OK  [0m] Reached target Basic System.
[[0;32m  OK  [0m] Started Deferred execution scheduler.
[[0;32m  OK  [0m] Started D-Bus System Message Bus.
         Starting LXD - container startup/shutdown...
[[0;32m  OK  [0m] Started FUSE filesystem for LXC.
         Starting Apply the settings specified in cloud-config...
[[0;32m  OK  [0m] Started ACPI event daemon.
         Starting Login Service...
         Starting System Logging Service...
         Starting LSB: MD monitoring daemon...
         Starting vboxadd.service...
         Starting vboxadd-x11.service...
         Starting Accounts Service...
         Starting LSB: Record successful boot for GRUB...
         Starting /etc/rc.local Compatibility...
[[0;32m  OK  [0m] Started Regular background program processing daemon.
         Starting OpenBSD Secure Shell server...
[[0;32m  OK  [0m] Started Snappy daemon.
[[0;32m  OK  [0m] Started System Logging Service.
[[0;32m  OK  [0m] Started OpenBSD Secure Shell server.
[[0;32m  OK  [0m] Started LXD - container startup/shutdown.
[[0;32m  OK  [0m] Started vboxadd-x11.service.
[[0;32m  OK  [0m] Started /etc/rc.local Compatibility.
[[0;32m  OK  [0m] Started Login to default iSCSI targets.
[[0;32m  OK  [0m] Started vboxadd.service.
[[0;32m  OK  [0m] Started LSB: MD monitoring daemon.
[[0;32m  OK  [0m] Started LSB: Record successful boot for GRUB.
[[0;32m  OK  [0m] Started Login Service.
         Starting Authenticate and Authorize Users to Run Privileged Tasks...
         Starting vboxadd-service.service...
[[0;32m  OK  [0m] Reached target Remote File Systems (Pre).
[[0;32m  OK  [0m] Reached target Remote File Systems.
         Starting LSB: automatic crash report generation...
         Starting LSB: Set the CPU Frequency Scaling governor to "ondemand"...
         Starting Permit User Sessions...
         Starting LSB: daemon to balance interrupts for SMP systems...
[[0;32m  OK  [0m] Started vboxadd-service.service.
[[0;32m  OK  [0m] Started Permit User Sessions.
[[0;32m  OK  [0m] Started Authenticate and Authorize Users to Run Privileged Tasks.
[[0;32m  OK  [0m] Started Accounts Service.
         Starting Terminate Plymouth Boot Screen...
         Starting Hold until boot process finishes up...
[[0;32m  OK  [0m] Started LSB: automatic crash report generation.
[[0;32m  OK  [0m] Started LSB: Set the CPU Frequency Scaling governor to "ondemand".
[[0;32m  OK  [0m] Started LSB: daemon to balance interrupts for SMP systems.
[[0;32m  OK  [0m] Started Terminate Plymouth Boot Screen.
[[0;32m  OK  [0m] Started Hold until boot process finishes up.
[[0;32m  OK  [0m] Started Getty on tty1.
         Starting Set console scheme...
[[0;32m  OK  [0m] Started Serial Getty on ttyS0.
[[0;32m  OK  [0m] Reached target Login Prompts.
[[0;32m  OK  [0m] Reached target Multi-User System.
[[0;32m  OK  [0m] Reached target Graphical Interface.
         Starting Update UTMP about System Runlevel Changes...
         Starting Notify bootloader that boot was successful...
[[0;32m  OK  [0m] Started Set console scheme.
[[0;32m  OK  [0m] Started Notify bootloader that boot was successful.
[[0;32m  OK  [0m] Started Update UTMP about System Runlevel Changes.
[   17.070272] cloud-init[1041]: Cloud-init v. 0.7.8 running 'modules:config' at Thu, 05 Jan 2017 14:15:40 +0000. Up 16.95 seconds.
[[0;32m  OK  [0m] Started Apply the settings specified in cloud-config.
         Starting Execute cloud user/final scripts...
[   17.636110] cloud-init[1274]: Cloud-init v. 0.7.8 running 'modules:final' at Thu, 05 Jan 2017 14:15:40 +0000. Up 17.46 seconds.
[   17.654572] cloud-init[1274]: Cloud-init v. 0.7.8 finished at Thu, 05 Jan 2017 14:15:40 +0000. Datasource DataSourceNoCloud [seed=/dev/sdb][dsmode=net].  Up 17.62 seconds
[[0;32m  OK  [0m] Started Execute cloud user/final scripts.
[[0;32m  OK  [0m] Reached target Cloud-init target.

Ubuntu 16.04.1 LTS ubuntu-xenial ttyS0

ubuntu-xenial login:          Stopping User Manager for UID 1000...
[[0;32m  OK  [0m] Closed Load/Save RF Kill Switch Status /dev/rfkill Watch.
         Stopping Authenticate and Authorize Users to Run Privileged Tasks...
[[0;32m  OK  [0m] Stopped target Cloud-init target.
[[0;32m  OK  [0m] Stopped target Timers.
[[0;32m  OK  [0m] Stopped Daily Cleanup of Temporary Directories.
[[0;32m  OK  [0m] Stopped target Graphical Interface.
         Stopping Accounts Service...
         Stopping ACPI event daemon...
[[0;32m  OK  [0m] Stopped Timer to automatically refresh installed snaps.
         Starting Unattended Upgrades Shutdown...
[[0;32m  OK  [0m[[0;32m  OK  [0m] Unmounted /var/lib/lxcfs.
[[0;32m  OK  [0m] Stopped Deferred execution scheduler.
[[0;32m  OK  [0m] Stopped ACPI event daemon.
[[0;32m  OK  [0m] Stopped System Logging Service.
[[0;32m  OK  [0m] Stopped Accounts Service.
[[0;32m  OK  [0m] Stopped Regular background program processing daemon.
[[0;32m  OK  [0m] Stopped OpenBSD Secure Shell server.
[[0;32m  OK  [0m] Stopped Snappy daemon.
[[0;32m  OK  [0m] Stopped Authenticate and Authorize Users to Run Privileged Tasks.
[[0;32m  OK  [0m] Stopped Getty on tty1.
[[0;32m  OK  [0m] Stopped Serial Getty on ttyS0.
[[0;32m  OK  [0m] Stopped User Manager for UID 1000.
[[0;32m  OK  [0m] Started Unattended Upgrades Shutdown.
[[0;32m  OK  [0m] Stopped D-Bus System Message Bus.
[[0;32m  OK  [0m] Stopped vboxadd-x11.service.
[[0;32m  OK  [0m] Stopped Session 4 of user ubuntu.
[[0;32m  OK  [0m] Stopped FUSE filesystem for LXC.
[[0;32m  OK  [0m] Stopped LXD - container startup/shutdown.
[[0;32m  OK  [0m] Stopped LSB: Set the CPU Frequency Scaling governor to "ondemand".
[[0;32m  OK  [0m] Stopped LSB: automatic crash report generation.
[[0;32m  OK  [0m] Stopped LSB: daemon to balance interrupts for SMP systems.
[[0;32m  OK  [0m] Stopped vboxadd-service.service.
[[0;32m  OK  [0m] Stopped LSB: MD monitoring daemon.
[[0;32m  OK  [0m] Stopped LSB: Record successful boot for GRUB.
         Stopping vboxadd.service...
[[0;32m  OK  [0m] Removed slice User Slice of ubuntu.
         Stopping Login Service...
[[0;32m  OK  [0m] Removed slice system-serial\x2dgetty.slice.
[[0;32m  OK  [0m] Stopped /etc/rc.local Compatibility.
         Stopping Permit User Sessions...
[[0;32m  OK  [0m] Removed slice system-getty.slice.
[[0;32m  OK  [0m] Unmounted /vagrant.
[[0;32m  OK  [0m] Stopped Login Service.
[[0;32m  OK  [0m] Stopped vboxadd.service.
[[0;32m  OK  [0m] Stopped Permit User Sessions.
[[0;32m  OK  [0m] Stopped target Remote File Systems.
[[0;32m  OK  [0m] Stopped target Remote File Systems (Pre).
         Stopping Login to default iSCSI targets...
[[0;32m  OK  [0m] Stopped target User and Group Name Lookups.
[[0;32m  OK  [0m] Stopped target Basic System.
[[0;32m  OK  [0m] Stopped target Sockets.
[[0;32m  OK  [0m] Closed LXD - unix socket.
[[0;32m  OK  [0m] Closed ACPID Listen Socket.
[[0;32m  OK  [0m] Closed Syslog Socket.
[[0;32m  OK  [0m] Closed Socket activation for snappy daemon.
[[0;32m  OK  [0m] Closed UUID daemon activation socket.
[[0;32m  OK  [0m] Stopped target Slices.
[[0;32m  OK  [0m] Removed slice User and Session Slice.
[[0;32m  OK  [0m] Stopped target Paths.
[[0;32m  OK  [0m] Stopped ACPI Events Check.
[[0;32m  OK  [0m] Stopped Trigger resolvconf update for networkd DNS.
[[0;32m  OK  [0m] Stopped Dispatch Password Requests to Console Directory Watch.
[[0;32m  OK  [0m] Stopped Forward Password Requests to Wall Directory Watch.
[[0;32m  OK  [0m] Closed D-Bus System Message Bus Socket.
[[0;32m  OK  [0m] Stopped target System Initialization.
         Stopping Load/Save Random Seed...
[[0;32m  OK  [0m] Stopped target Encrypted Volumes.
         Stopping Update UTMP about System Boot/Shutdown...
[[0;32m  OK  [0m] Stopped target Swap.
[[0;32m  OK  [0m] Stopped Load/Save Random Seed.
[[0;32m  OK  [0m] Stopped Update UTMP about System Boot/Shutdown.
[[0;32m  OK  [0m] Stopped Create Volatile Files and Directories.
[[0;32m  OK  [0m] Stopped Login to default iSCSI targets.
         Stopping iSCSI initiator daemon (iscsid)...
[[0;32m  OK  [0m] Stopped iSCSI initiator daemon (iscsid).
[[0;32m  OK  [0m] Stopped target Network is Online.
[[0;32m  OK  [0m] Stopped target Network.
[[0;32m  OK  [0m] Stopped Initial cloud-init job (metadata service crawler).
         Stopping Raise network interfaces...
[[0;32m  OK  [0m] Stopped Raise network interfaces.
[[0;32m  OK  [0m] Stopped target Network (Pre).
[[0;32m  OK  [0m] Stopped Initial cloud-init job (pre-networking).
[[0;32m  OK  [0m] Stopped Apply Kernel Variables.
[[0;32m  OK  [0m] Stopped Load Kernel Modules.
[[0;32m  OK  [0m] Stopped target Local File Systems.
         Unmounting /run/user/1000...
[[0;32m  OK  [0m] Unmounted /run/user/1000.
[[0;32m  OK  [0m] Reached target Unmount All Filesystems.
[[0;32m  OK  [0m] Stopped target Local File Systems (Pre).
[[0;32m  OK  [0m] Stopped Create Static Device Nodes in /dev.
[[0;32m  OK  [0m] Stopped Remount Root and Kernel File Systems.
[[0;32m  OK  [0m] Reached target Shutdown.
[  262.687401] reboot: Power down
